\BOOKMARK [1][-]{toc1.1}{\376\377\000C\000o\000n\000t\000e\000n\000t\000s}{}% 1
\BOOKMARK [1][-]{section.1}{\376\377\0001\000\040\000I\000n\000t\000r\000o\000d\000u\000c\000t\000i\000o\000n}{}% 2
\BOOKMARK [1][-]{section.2}{\376\377\0002\000\040\000U\000s\000e\000r\000'\000s\000\040\000g\000u\000i\000d\000e}{}% 3
\BOOKMARK [2][-]{subsection.2.1}{\376\377\0002\000.\0001\000\040\000I\000n\000s\000t\000a\000l\000l\000a\000t\000i\000o\000n}{section.2}% 4
\BOOKMARK [2][-]{subsection.2.2}{\376\377\0002\000.\0002\000\040\000I\000n\000v\000o\000c\000a\000t\000i\000o\000n\000\040\000a\000n\000d\000\040\000o\000p\000t\000i\000o\000n\000s}{section.2}% 5
\BOOKMARK [2][-]{subsection.2.3}{\376\377\0002\000.\0003\000\040\000T\000o\000p\000\040\000m\000a\000t\000t\000e\000r}{section.2}% 6
\BOOKMARK [2][-]{subsection.2.4}{\376\377\0002\000.\0004\000\040\000T\000o\000p\000\040\000m\000a\000t\000t\000e\000r\000\040\000o\000f\000\040\000A\000C\000M\000\040\000E\000n\000g\000a\000g\000e\000\040\000m\000a\000t\000e\000r\000i\000a\000l\000s}{section.2}% 7
\BOOKMARK [2][-]{subsection.2.5}{\376\377\0002\000.\0005\000\040\000A\000C\000M\000\040\000c\000o\000v\000e\000r\000\040\000p\000a\000g\000e}{section.2}% 8
\BOOKMARK [2][-]{subsection.2.6}{\376\377\0002\000.\0006\000\040\000I\000n\000t\000e\000r\000n\000a\000t\000i\000o\000n\000a\000l\000i\000z\000a\000t\000i\000o\000n}{section.2}% 9
\BOOKMARK [2][-]{subsection.2.7}{\376\377\0002\000.\0007\000\040\000A\000l\000g\000o\000r\000i\000t\000h\000m\000s}{section.2}% 10
\BOOKMARK [2][-]{subsection.2.8}{\376\377\0002\000.\0008\000\040\000F\000i\000g\000u\000r\000e\000s\000\040\000a\000n\000d\000\040\000t\000a\000b\000l\000e\000s}{section.2}% 11
\BOOKMARK [2][-]{subsection.2.9}{\376\377\0002\000.\0009\000\040\000D\000e\000s\000c\000r\000i\000p\000t\000i\000o\000n\000s\000\040\000o\000f\000\040\000i\000m\000a\000g\000e\000s}{section.2}% 12
\BOOKMARK [2][-]{subsection.2.10}{\376\377\0002\000.\0001\0000\000\040\000T\000h\000e\000o\000r\000e\000m\000s}{section.2}% 13
\BOOKMARK [2][-]{subsection.2.11}{\376\377\0002\000.\0001\0001\000\040\000O\000n\000l\000i\000n\000e\000-\000o\000n\000l\000y\000\040\000a\000n\000d\000\040\000o\000f\000f\000l\000i\000n\000e\000-\000o\000n\000l\000y\000\040\000m\000a\000t\000e\000r\000i\000a\000l}{section.2}% 14
\BOOKMARK [2][-]{subsection.2.12}{\376\377\0002\000.\0001\0002\000\040\000N\000o\000t\000e\000\040\000a\000b\000o\000u\000t\000\040\000a\000n\000o\000n\000y\000m\000o\000u\000s\000\040\000m\000o\000d\000e}{section.2}% 15
\BOOKMARK [2][-]{subsection.2.13}{\376\377\0002\000.\0001\0003\000\040\000A\000c\000k\000n\000o\000w\000l\000e\000d\000g\000m\000e\000n\000t\000s}{section.2}% 16
\BOOKMARK [2][-]{subsection.2.14}{\376\377\0002\000.\0001\0004\000\040\000B\000i\000b\000l\000i\000o\000g\000r\000a\000p\000h\000y}{section.2}% 17
\BOOKMARK [3][-]{subsubsection.2.14.1}{\376\377\0002\000.\0001\0004\000.\0001\000\040\000P\000r\000o\000c\000e\000s\000s\000i\000n\000g\000\040\000u\000s\000i\000n\000g\000\040\000B\000i\000b\000T\000e\000X}{subsection.2.14}% 18
\BOOKMARK [3][-]{subsubsection.2.14.2}{\376\377\0002\000.\0001\0004\000.\0002\000\040\000P\000r\000o\000c\000e\000s\000s\000i\000n\000g\000\040\000u\000s\000i\000n\000g\000\040\000B\000i\000b\000L\000a\000T\000e\000X}{subsection.2.14}% 19
\BOOKMARK [2][-]{subsection.2.15}{\376\377\0002\000.\0001\0005\000\040\000C\000o\000l\000o\000r\000s}{section.2}% 20
\BOOKMARK [3][-]{subsubsection.2.15.1}{\376\377\0002\000.\0001\0005\000.\0001\000\040\000M\000a\000n\000u\000a\000l\000\040\000b\000i\000b\000l\000i\000o\000g\000r\000a\000p\000h\000y}{subsection.2.15}% 21
\BOOKMARK [2][-]{subsection.2.16}{\376\377\0002\000.\0001\0006\000\040\000O\000t\000h\000e\000r\000\040\000n\000o\000t\000a\000b\000l\000e\000\040\000p\000a\000c\000k\000a\000g\000e\000s\000\040\000a\000n\000d\000\040\000t\000y\000p\000o\000g\000r\000a\000p\000h\000i\000c\000\040\000r\000e\000m\000a\000r\000k\000s}{section.2}% 22
\BOOKMARK [2][-]{subsection.2.17}{\376\377\0002\000.\0001\0007\000\040\000C\000o\000u\000n\000t\000i\000n\000g\000\040\000w\000o\000r\000d\000s}{section.2}% 23
\BOOKMARK [2][-]{subsection.2.18}{\376\377\0002\000.\0001\0008\000\040\000C\000r\000e\000a\000t\000i\000v\000e\000\040\000C\000o\000m\000m\000o\000n\000s\000\040\000l\000i\000c\000e\000n\000s\000e\000s\000\040\000f\000o\000r\000\040\000A\000C\000M\000\040\000p\000u\000b\000l\000i\000c\000a\000t\000i\000o\000n\000s}{section.2}% 24
\BOOKMARK [2][-]{subsection.2.19}{\376\377\0002\000.\0001\0009\000\040\000D\000i\000s\000a\000b\000l\000e\000d\000\040\000o\000r\000\040\000f\000o\000r\000b\000i\000d\000d\000e\000n\000\040\000c\000o\000m\000m\000a\000n\000d\000s}{section.2}% 25
\BOOKMARK [2][-]{subsection.2.20}{\376\377\0002\000.\0002\0000\000\040\000N\000o\000t\000e\000s\000\040\000f\000o\000r\000\040\000w\000i\000z\000a\000r\000d\000s}{section.2}% 26
\BOOKMARK [2][-]{subsection.2.21}{\376\377\0002\000.\0002\0001\000\040\000C\000u\000r\000r\000e\000n\000t\000l\000y\000\040\000s\000u\000p\000p\000o\000r\000t\000e\000d\000\040\000p\000u\000b\000l\000i\000c\000a\000t\000i\000o\000n\000s}{section.2}% 27
\BOOKMARK [2][-]{subsection.2.22}{\376\377\0002\000.\0002\0002\000\040\000A\000\040\000n\000o\000t\000e\000\040\000a\000b\000o\000u\000t\000\040\000s\000i\000g\000c\000h\000i\000-\000a\000\040\000f\000o\000r\000m\000a\000t}{section.2}% 28
\BOOKMARK [1][-]{section.3}{\376\377\0003\000\040\000I\000m\000p\000l\000e\000m\000e\000n\000t\000a\000t\000i\000o\000n}{}% 29
\BOOKMARK [2][-]{subsection.3.1}{\376\377\0003\000.\0001\000\040\000I\000d\000e\000n\000t\000i\000f\000i\000c\000a\000t\000i\000o\000n}{section.3}% 30
\BOOKMARK [2][-]{subsection.3.2}{\376\377\0003\000.\0002\000\040\000P\000r\000e\000l\000o\000a\000d\000\040\000h\000o\000o\000k}{section.3}% 31
\BOOKMARK [2][-]{subsection.3.3}{\376\377\0003\000.\0003\000\040\000O\000p\000t\000i\000o\000n\000s}{section.3}% 32
\BOOKMARK [2][-]{subsection.3.4}{\376\377\0003\000.\0004\000\040\000S\000e\000t\000t\000i\000n\000g\000\040\000s\000w\000i\000t\000c\000h\000e\000s}{section.3}% 33
\BOOKMARK [2][-]{subsection.3.5}{\376\377\0003\000.\0005\000\040\000L\000o\000a\000d\000i\000n\000g\000\040\000t\000h\000e\000\040\000b\000a\000s\000e\000\040\000c\000l\000a\000s\000s\000\040\000a\000n\000d\000\040\000p\000a\000c\000k\000a\000g\000e}{section.3}% 34
\BOOKMARK [2][-]{subsection.3.6}{\376\377\0003\000.\0006\000\040\000C\000i\000t\000a\000t\000i\000o\000n\000s}{section.3}% 35
\BOOKMARK [2][-]{subsection.3.7}{\376\377\0003\000.\0007\000\040\000I\000n\000t\000e\000r\000n\000a\000t\000i\000o\000n\000a\000l\000i\000z\000a\000t\000i\000o\000n}{section.3}% 36
\BOOKMARK [2][-]{subsection.3.8}{\376\377\0003\000.\0008\000\040\000S\000e\000c\000t\000i\000o\000n\000i\000n\000g}{section.3}% 37
\BOOKMARK [2][-]{subsection.3.9}{\376\377\0003\000.\0009\000\040\000H\000y\000p\000e\000r\000x\000m\000p\000\040\000a\000n\000d\000\040\000h\000y\000p\000e\000r\000r\000e\000f}{section.3}% 38
\BOOKMARK [2][-]{subsection.3.10}{\376\377\0003\000.\0001\0000\000\040\000O\000t\000h\000e\000r\000\040\000p\000a\000c\000k\000a\000g\000e\000s}{section.3}% 39
\BOOKMARK [2][-]{subsection.3.11}{\376\377\0003\000.\0001\0001\000\040\000P\000a\000p\000e\000r\000\040\000s\000i\000z\000e\000\040\000a\000n\000d\000\040\000p\000a\000r\000a\000g\000r\000a\000p\000h\000i\000n\000g}{section.3}% 40
\BOOKMARK [2][-]{subsection.3.12}{\376\377\0003\000.\0001\0002\000\040\000F\000o\000n\000t\000s}{section.3}% 41
\BOOKMARK [2][-]{subsection.3.13}{\376\377\0003\000.\0001\0003\000\040\000I\000m\000a\000g\000e\000\040\000d\000e\000s\000c\000r\000i\000p\000t\000i\000o\000n\000s}{section.3}% 42
\BOOKMARK [2][-]{subsection.3.14}{\376\377\0003\000.\0001\0004\000\040\000F\000l\000o\000a\000t\000s}{section.3}% 43
\BOOKMARK [2][-]{subsection.3.15}{\376\377\0003\000.\0001\0005\000\040\000L\000i\000s\000t\000s}{section.3}% 44
\BOOKMARK [2][-]{subsection.3.16}{\376\377\0003\000.\0001\0006\000\040\000T\000o\000p\000-\000m\000a\000t\000t\000e\000r\000\040\000d\000a\000t\000a}{section.3}% 45
\BOOKMARK [2][-]{subsection.3.17}{\376\377\0003\000.\0001\0007\000\040\000C\000o\000n\000c\000e\000p\000t\000s\000\040\000s\000y\000s\000t\000e\000m}{section.3}% 46
\BOOKMARK [2][-]{subsection.3.18}{\376\377\0003\000.\0001\0008\000\040\000C\000o\000p\000y\000r\000i\000g\000h\000t\000\040\000s\000y\000s\000t\000e\000m}{section.3}% 47
\BOOKMARK [2][-]{subsection.3.19}{\376\377\0003\000.\0001\0009\000\040\000M\000a\000k\000e\000t\000i\000t\000l\000e\000\040\000h\000o\000o\000k}{section.3}% 48
\BOOKMARK [2][-]{subsection.3.20}{\376\377\0003\000.\0002\0000\000\040\000A\000C\000M\000\040\000E\000n\000g\000a\000g\000e\000\040\000t\000o\000p\000\040\000m\000a\000t\000t\000e\000r}{section.3}% 49
\BOOKMARK [2][-]{subsection.3.21}{\376\377\0003\000.\0002\0001\000\040\000T\000y\000p\000e\000s\000e\000t\000t\000i\000n\000g\000\040\000t\000o\000p\000\040\000m\000a\000t\000t\000e\000r}{section.3}% 50
\BOOKMARK [2][-]{subsection.3.22}{\376\377\0003\000.\0002\0002\000\040\000H\000e\000a\000d\000e\000r\000s\000\040\000a\000n\000d\000\040\000F\000o\000o\000t\000e\000r\000s}{section.3}% 51
\BOOKMARK [2][-]{subsection.3.23}{\376\377\0003\000.\0002\0003\000\040\000S\000e\000c\000t\000i\000o\000n\000i\000n\000g}{section.3}% 52
\BOOKMARK [2][-]{subsection.3.24}{\376\377\0003\000.\0002\0004\000\040\000T\000O\000C\000\040\000l\000i\000s\000t\000s}{section.3}% 53
\BOOKMARK [2][-]{subsection.3.25}{\376\377\0003\000.\0002\0005\000\040\000T\000h\000e\000o\000r\000e\000m\000s}{section.3}% 54
\BOOKMARK [2][-]{subsection.3.26}{\376\377\0003\000.\0002\0006\000\040\000B\000a\000l\000a\000n\000c\000i\000n\000g\000\040\000c\000o\000l\000u\000m\000n\000s}{section.3}% 55
\BOOKMARK [2][-]{subsection.3.27}{\376\377\0003\000.\0002\0007\000\040\000A\000c\000k\000n\000o\000w\000l\000e\000d\000g\000m\000e\000n\000t\000s}{section.3}% 56
\BOOKMARK [2][-]{subsection.3.28}{\376\377\0003\000.\0002\0008\000\040\000C\000o\000n\000d\000i\000t\000i\000o\000n\000a\000l\000\040\000t\000y\000p\000e\000s\000e\000t\000t\000i\000n\000g}{section.3}% 57
\BOOKMARK [2][-]{subsection.3.29}{\376\377\0003\000.\0002\0009\000\040\000A\000d\000d\000i\000t\000i\000o\000n\000a\000l\000\040\000b\000i\000b\000l\000i\000o\000g\000r\000a\000p\000h\000y\000\040\000c\000o\000m\000m\000a\000n\000d\000s}{section.3}% 58
\BOOKMARK [2][-]{subsection.3.30}{\376\377\0003\000.\0003\0000\000\040\000I\000n\000d\000e\000x}{section.3}% 59
\BOOKMARK [2][-]{subsection.3.31}{\376\377\0003\000.\0003\0001\000\040\000E\000n\000d\000\040\000o\000f\000\040\000C\000l\000a\000s\000s}{section.3}% 60
\BOOKMARK [1][-]{bib2.1}{\376\377\000R\000e\000f\000e\000r\000e\000n\000c\000e\000s}{}% 61
\BOOKMARK [1][-]{glossary3.1}{\376\377\000C\000h\000a\000n\000g\000e\000\040\000H\000i\000s\000t\000o\000r\000y}{}% 62
\BOOKMARK [1][-]{index4.1}{\376\377\000I\000n\000d\000e\000x}{}% 63
\BOOKMARK [2][-]{HD.Symbols.2}{\376\377\000S\000y\000m\000b\000o\000l\000s}{index4.1}% 64
\BOOKMARK [2][-]{HD.A.2}{\376\377\000A}{index4.1}% 65
\BOOKMARK [2][-]{HD.B.2}{\376\377\000B}{index4.1}% 66
\BOOKMARK [2][-]{HD.C.2}{\376\377\000C}{index4.1}% 67
\BOOKMARK [2][-]{HD.D.2}{\376\377\000D}{index4.1}% 68
\BOOKMARK [2][-]{HD.E.2}{\376\377\000E}{index4.1}% 69
\BOOKMARK [2][-]{HD.F.2}{\376\377\000F}{index4.1}% 70
\BOOKMARK [2][-]{HD.G.2}{\376\377\000G}{index4.1}% 71
\BOOKMARK [2][-]{HD.H.2}{\376\377\000H}{index4.1}% 72
\BOOKMARK [2][-]{HD.I.2}{\376\377\000I}{index4.1}% 73
\BOOKMARK [2][-]{HD.J.2}{\376\377\000J}{index4.1}% 74
\BOOKMARK [2][-]{HD.K.2}{\376\377\000K}{index4.1}% 75
\BOOKMARK [2][-]{HD.L.2}{\376\377\000L}{index4.1}% 76
\BOOKMARK [2][-]{HD.M.2}{\376\377\000M}{index4.1}% 77
\BOOKMARK [2][-]{HD.N.2}{\376\377\000N}{index4.1}% 78
\BOOKMARK [2][-]{HD.O.2}{\376\377\000O}{index4.1}% 79
\BOOKMARK [2][-]{HD.P.2}{\376\377\000P}{index4.1}% 80
\BOOKMARK [2][-]{HD.Q.2}{\376\377\000Q}{index4.1}% 81
\BOOKMARK [2][-]{HD.R.2}{\376\377\000R}{index4.1}% 82
\BOOKMARK [2][-]{HD.S.2}{\376\377\000S}{index4.1}% 83
\BOOKMARK [2][-]{HD.T.2}{\376\377\000T}{index4.1}% 84
\BOOKMARK [2][-]{HD.U.2}{\376\377\000U}{index4.1}% 85
\BOOKMARK [2][-]{HD.V.2}{\376\377\000V}{index4.1}% 86
\BOOKMARK [2][-]{HD.W.2}{\376\377\000W}{index4.1}% 87
\BOOKMARK [2][-]{HD.X.2}{\376\377\000X}{index4.1}% 88
\BOOKMARK [2][-]{HD.Y.2}{\376\377\000Y}{index4.1}% 89
\BOOKMARK [2][-]{HD.Z.2}{\376\377\000Z}{index4.1}% 90
