\BOOKMARK [1][-]{toc1.1}{\376\377\000C\000o\000n\000t\000e\000n\000t\000s}{}% 1
\BOOKMARK [1][-]{section.1}{\376\377\0001\000\040\000I\000n\000t\000r\000o\000d\000u\000c\000t\000i\000o\000n}{}% 2
\BOOKMARK [1][-]{section.2}{\376\377\0002\000\040\000U\000s\000e\000r\000'\000s\000\040\000g\000u\000i\000d\000e}{}% 3
\BOOKMARK [2][-]{subsection.2.1}{\376\377\0002\000.\0001\000\040\000I\000n\000s\000t\000a\000l\000l\000a\000t\000i\000o\000n}{section.2}% 4
\BOOKMARK [2][-]{subsection.2.2}{\376\377\0002\000.\0002\000\040\000I\000n\000v\000o\000c\000a\000t\000i\000o\000n\000\040\000a\000n\000d\000\040\000o\000p\000t\000i\000o\000n\000s}{section.2}% 5
\BOOKMARK [2][-]{subsection.2.3}{\376\377\0002\000.\0003\000\040\000T\000o\000p\000\040\000m\000a\000t\000t\000e\000r}{section.2}% 6
\BOOKMARK [2][-]{subsection.2.4}{\376\377\0002\000.\0004\000\040\000T\000o\000p\000\040\000m\000a\000t\000t\000e\000r\000\040\000o\000f\000\040\000A\000C\000M\000\040\000E\000n\000g\000a\000g\000e\000\040\000m\000a\000t\000e\000r\000i\000a\000l\000s}{section.2}% 7
\BOOKMARK [2][-]{subsection.2.5}{\376\377\0002\000.\0005\000\040\000A\000C\000M\000\040\000c\000o\000v\000e\000r\000\040\000p\000a\000g\000e}{section.2}% 8
\BOOKMARK [2][-]{subsection.2.6}{\376\377\0002\000.\0006\000\040\000I\000n\000t\000e\000r\000n\000a\000t\000i\000o\000n\000a\000l\000i\000z\000a\000t\000i\000o\000n}{section.2}% 9
\BOOKMARK [2][-]{subsection.2.7}{\376\377\0002\000.\0007\000\040\000A\000l\000g\000o\000r\000i\000t\000h\000m\000s}{section.2}% 10
\BOOKMARK [2][-]{subsection.2.8}{\376\377\0002\000.\0008\000\040\000F\000i\000g\000u\000r\000e\000s\000\040\000a\000n\000d\000\040\000t\000a\000b\000l\000e\000s}{section.2}% 11
\BOOKMARK [2][-]{subsection.2.9}{\376\377\0002\000.\0009\000\040\000D\000e\000s\000c\000r\000i\000p\000t\000i\000o\000n\000s\000\040\000o\000f\000\040\000i\000m\000a\000g\000e\000s}{section.2}% 12
\BOOKMARK [2][-]{subsection.2.10}{\376\377\0002\000.\0001\0000\000\040\000T\000h\000e\000o\000r\000e\000m\000s}{section.2}% 13
\BOOKMARK [2][-]{subsection.2.11}{\376\377\0002\000.\0001\0001\000\040\000O\000n\000l\000i\000n\000e\000-\000o\000n\000l\000y\000\040\000a\000n\000d\000\040\000o\000f\000f\000l\000i\000n\000e\000-\000o\000n\000l\000y\000\040\000m\000a\000t\000e\000r\000i\000a\000l}{section.2}% 14
\BOOKMARK [2][-]{subsection.2.12}{\376\377\0002\000.\0001\0002\000\040\000N\000o\000t\000e\000\040\000a\000b\000o\000u\000t\000\040\000a\000n\000o\000n\000y\000m\000o\000u\000s\000\040\000m\000o\000d\000e}{section.2}% 15
\BOOKMARK [2][-]{subsection.2.13}{\376\377\0002\000.\0001\0003\000\040\000A\000c\000k\000n\000o\000w\000l\000e\000d\000g\000m\000e\000n\000t\000s}{section.2}% 16
\BOOKMARK [2][-]{subsection.2.14}{\376\377\0002\000.\0001\0004\000\040\000B\000i\000b\000l\000i\000o\000g\000r\000a\000p\000h\000y}{section.2}% 17
\BOOKMARK [3][-]{subsubsection.2.14.1}{\376\377\0002\000.\0001\0004\000.\0001\000\040\000P\000r\000o\000c\000e\000s\000s\000i\000n\000g\000\040\000u\000s\000i\000n\000g\000\040\000B\000i\000b\000T\000e\000X}{subsection.2.14}% 18
\BOOKMARK [3][-]{subsubsection.2.14.2}{\376\377\0002\000.\0001\0004\000.\0002\000\040\000P\000r\000o\000c\000e\000s\000s\000i\000n\000g\000\040\000u\000s\000i\000n\000g\000\040\000B\000i\000b\000L\000a\000T\000e\000X}{subsection.2.14}% 19
\BOOKMARK [2][-]{subsection.2.15}{\376\377\0002\000.\0001\0005\000\040\000C\000o\000l\000o\000r\000s}{section.2}% 20
\BOOKMARK [3][-]{subsubsection.2.15.1}{\376\377\0002\000.\0001\0005\000.\0001\000\040\000M\000a\000n\000u\000a\000l\000\040\000b\000i\000b\000l\000i\000o\000g\000r\000a\000p\000h\000y}{subsection.2.15}% 21
\BOOKMARK [2][-]{subsection.2.16}{\376\377\0002\000.\0001\0006\000\040\000O\000t\000h\000e\000r\000\040\000n\000o\000t\000a\000b\000l\000e\000\040\000p\000a\000c\000k\000a\000g\000e\000s\000\040\000a\000n\000d\000\040\000t\000y\000p\000o\000g\000r\000a\000p\000h\000i\000c\000\040\000r\000e\000m\000a\000r\000k\000s}{section.2}% 22
\BOOKMARK [2][-]{subsection.2.17}{\376\377\0002\000.\0001\0007\000\040\000C\000o\000u\000n\000t\000i\000n\000g\000\040\000w\000o\000r\000d\000s}{section.2}% 23
\BOOKMARK [2][-]{subsection.2.18}{\376\377\0002\000.\0001\0008\000\040\000C\000r\000e\000a\000t\000i\000v\000e\000\040\000C\000o\000m\000m\000o\000n\000s\000\040\000l\000i\000c\000e\000n\000s\000e\000s\000\040\000f\000o\000r\000\040\000A\000C\000M\000\040\000p\000u\000b\000l\000i\000c\000a\000t\000i\000o\000n\000s}{section.2}% 24
\BOOKMARK [2][-]{subsection.2.19}{\376\377\0002\000.\0001\0009\000\040\000D\000i\000s\000a\000b\000l\000e\000d\000\040\000o\000r\000\040\000f\000o\000r\000b\000i\000d\000d\000e\000n\000\040\000c\000o\000m\000m\000a\000n\000d\000s}{section.2}% 25
\BOOKMARK [2][-]{subsection.2.20}{\376\377\0002\000.\0002\0000\000\040\000N\000o\000t\000e\000s\000\040\000f\000o\000r\000\040\000w\000i\000z\000a\000r\000d\000s}{section.2}% 26
\BOOKMARK [2][-]{subsection.2.21}{\376\377\0002\000.\0002\0001\000\040\000C\000u\000r\000r\000e\000n\000t\000l\000y\000\040\000s\000u\000p\000p\000o\000r\000t\000e\000d\000\040\000p\000u\000b\000l\000i\000c\000a\000t\000i\000o\000n\000s}{section.2}% 27
\BOOKMARK [2][-]{subsection.2.22}{\376\377\0002\000.\0002\0002\000\040\000A\000\040\000n\000o\000t\000e\000\040\000a\000b\000o\000u\000t\000\040\000s\000i\000g\000c\000h\000i\000-\000a\000\040\000f\000o\000r\000m\000a\000t}{section.2}% 28
\BOOKMARK [1][-]{bib2.1}{\376\377\000R\000e\000f\000e\000r\000e\000n\000c\000e\000s}{}% 29
